  0x0000000000000773 <+0>:    push   %r13
   0x0000000000000775 <+2>:    push   %r12
   0x0000000000000777 <+4>:    push   %rbp
   0x0000000000000778 <+5>:    push   %rbx
   0x0000000000000779 <+6>:    mov	%rdi,%rbp
   0x000000000000077c <+9>:    mov	%esi,%r13d
   0x000000000000077f <+12>:    mov	$0x0,%r12d
   0x0000000000000785 <+18>:    jmp	0x7b5 <f1+66>
   0x0000000000000787 <+20>:    add	$0x1,%ebx
   0x000000000000078a <+23>:    mov	%r13d,%eax
   0x000000000000078d <+26>:    sub	%r12d,%eax
   0x0000000000000790 <+29>:    sub	$0x1,%eax
   0x0000000000000793 <+32>:    cmp	%ebx,%eax
   0x0000000000000795 <+34>:    jle	0x7b1 <f1+62>
   0x0000000000000797 <+36>:    movslq %ebx,%rax
   0x000000000000079a <+39>:    lea	0x0(%rbp,%rax,4),%rdi
   0x000000000000079f <+44>:    lea	0x4(%rbp,%rax,4),%rsi
   0x00000000000007a4 <+49>:    mov	(%rsi),%eax
   0x00000000000007a6 <+51>:    cmp	%eax,(%rdi)
   0x00000000000007a8 <+53>:    jle	0x787 <f1+20>
   0x00000000000007aa <+55>:    callq  0x76a <f2>
   0x00000000000007af <+60>:    jmp	0x787 <f1+20>
   0x00000000000007b1 <+62>:    add	$0x1,%r12d
   0x00000000000007b5 <+66>:    lea	-0x1(%r13),%eax
   0x00000000000007b9 <+70>:    cmp	%r12d,%eax
   0x00000000000007bc <+73>:    jle	0x7c5 <f1+82>
   0x00000000000007be <+75>:    mov	$0x0,%ebx
   0x00000000000007c3 <+80>:    jmp	0x78a <f1+23>
   0x00000000000007c5 <+82>:    pop	%rbx
   0x00000000000007c6 <+83>:    pop	%rbp
   0x00000000000007c7 <+84>:    pop	%r12
   0x00000000000007c9 <+86>:    pop	%r13
   0x00000000000007cb <+88>:    retq